<?xml version="1.0" encoding="UTF-8"?>
<!-- Generated by org.testng.reporters.JUnitReportReporter -->
<testsuite skipped="1" hostname="Fatih" name="restAPITesting.RestTest" tests="5" failures="0" timestamp="14 Sep 2018 03:09:26 GMT" time="6.324" errors="0">
  <testcase name="idTest" time="0.710" classname="restAPITesting.RestTest"/>
  <testcase name="statusTest" time="0.685" classname="restAPITesting.RestTest"/>
  <testcase name="secondTest" time="0.922" classname="restAPITesting.RestTest"/>
  <testcase name="baseURITest" time="4.007" classname="restAPITesting.RestTest"/>
  <testcase name="firstTest" classname="restAPITesting.RestTest">
    <skipped/>
  </testcase> <!-- firstTest -->
</testsuite> <!-- restAPITesting.RestTest -->
