<?xml version="1.0" encoding="UTF-8"?>
<!-- Generated by org.testng.reporters.JUnitReportReporter -->
<testsuite skipped="0" hostname="Fatih" name="restAPITesting.RestApiTesting" tests="1" failures="0" timestamp="14 Sep 2018 03:29:28 GMT" time="3.201" errors="0">
  <testcase name="simpleDeleteTest" time="3.201" classname="restAPITesting.RestApiTesting"/>
</testsuite> <!-- restAPITesting.RestApiTesting -->
