<?xml version="1.0" encoding="UTF-8"?>
<!-- Generated by org.testng.reporters.JUnitReportReporter -->
<testsuite skipped="0" hostname="Kaans-MacBook-Pro.local" name="restAPITesting.CustomSerializeDeserialize" tests="2" failures="0" timestamp="01 Oct 2018 04:37:39 GMT" time="0.326" errors="0">
  <testcase name="test" time="0.013" classname="restAPITesting.CustomSerializeDeserialize"/>
  <testcase name="createPojoGoTCharaccter" time="0.313" classname="restAPITesting.CustomSerializeDeserialize"/>
</testsuite> <!-- restAPITesting.CustomSerializeDeserialize -->
