<?xml version="1.0" encoding="UTF-8"?>
<!-- Generated by org.testng.reporters.JUnitReportReporter -->
<testsuite skipped="0" hostname="Fatih" name="restAPITesting.JSONDataBind" tests="1" failures="0" timestamp="29 Aug 2018 23:47:35 GMT" time="2.035" errors="0">
  <testcase name="databindTestWithCollection" time="2.035" classname="restAPITesting.JSONDataBind"/>
</testsuite> <!-- restAPITesting.JSONDataBind -->
