<?xml version="1.0" encoding="UTF-8"?>
<!-- Generated by org.testng.reporters.JUnitReportReporter -->
<testsuite skipped="0" hostname="Kaans-MacBook-Pro.local" name="restAPITesting_Intro.OpenWeather" tests="2" failures="0" timestamp="01 Oct 2018 04:59:23 GMT" time="1.174" errors="0">
  <testcase name="weatherTestForDover" time="0.449" classname="restAPITesting_Intro.OpenWeather"/>
  <testcase name="simpleGetRequest" time="0.725" classname="restAPITesting_Intro.OpenWeather"/>
</testsuite> <!-- restAPITesting_Intro.OpenWeather -->
