<?xml version="1.0" encoding="UTF-8"?>
<!-- Generated by org.testng.reporters.JUnitReportReporter -->
<testsuite skipped="0" hostname="Fatih" name="restAPITesting.JSONPathPractice" tests="1" failures="0" timestamp="14 Sep 2018 04:18:00 GMT" time="3.085" errors="0">
  <testcase name="driverInfoJSONPath" time="3.085" classname="restAPITesting.JSONPathPractice"/>
</testsuite> <!-- restAPITesting.JSONPathPractice -->
