<?xml version="1.0" encoding="UTF-8"?>
<!-- Generated by org.testng.reporters.JUnitReportReporter -->
<testsuite skipped="0" hostname="Kaans-MacBook-Pro.local" name="restAPITesting_Intro.RestApiTesting" tests="1" failures="0" timestamp="25 Nov 2018 20:45:04 GMT" time="0.012" errors="0">
  <testcase name="testWithHamcrest" time="0.012" classname="restAPITesting_Intro.RestApiTesting"/>
</testsuite> <!-- restAPITesting_Intro.RestApiTesting -->
