<?xml version="1.0" encoding="UTF-8"?>
<!-- Generated by org.testng.reporters.JUnitReportReporter -->
<testsuite skipped="0" hostname="Fatih" name="restAPITesting.JSONPathPractice3" tests="1" failures="0" timestamp="30 Aug 2018 00:35:50 GMT" time="3.797" errors="0">
  <testcase name="getErgastGivenName" time="3.797" classname="restAPITesting.JSONPathPractice3"/>
</testsuite> <!-- restAPITesting.JSONPathPractice3 -->
