<?xml version="1.0" encoding="UTF-8"?>
<!-- Generated by org.testng.reporters.JUnitReportReporter -->
<testsuite skipped="0" hostname="Kaans-MacBook-Pro.local" name="restAPITesting.JsonPath_GoT" tests="1" failures="0" timestamp="01 Oct 2018 04:57:38 GMT" time="6.513" errors="0">
  <testcase name="testJsonPath" time="6.513" classname="restAPITesting.JsonPath_GoT"/>
</testsuite> <!-- restAPITesting.JsonPath_GoT -->
